android/app/build/intermediates/manifest_merge_blame_file/debug/manifest-merger-blame-debug-report.txt
1<?xml version="1.0" encoding="utf-8"?>
2<manifest xmlns:android="http://schemas.android.com/apk/res/android"
3    package="com.mtaani.driver.mtaanidriver"
4    android:versionCode="1"
5    android:versionName="1.0.0" >
6
7    <uses-sdk
8        android:minSdkVersion="23"
9        android:targetSdkVersion="35" />
10    <!--
11         The INTERNET permission is required for development. Specifically,
12         the Flutter tool needs it to communicate with the running application
13         to allow setting breakpoints, to provide hot reload, etc.
14    -->
15    <uses-permission android:name="android.permission.INTERNET" />
15-->src\debug\AndroidManifest.xml:6:5-66
15-->src\debug\AndroidManifest.xml:6:22-64
16    <!--
17     Required to query activities that can process text, see:
18         https://developer.android.com/training/package-visibility and
19         https://developer.android.com/reference/android/content/Intent#ACTION_PROCESS_TEXT.
20
21         In particular, this is used by the Flutter engine in io.flutter.plugin.text.ProcessTextPlugin.
22    -->
23    <queries>
23-->src\main\AndroidManifest.xml:39:5-44:15
24        <intent>
24-->src\main\AndroidManifest.xml:40:9-43:18
25            <action android:name="android.intent.action.PROCESS_TEXT" />
25-->src\main\AndroidManifest.xml:41:13-72
25-->src\main\AndroidManifest.xml:41:21-70
26
27            <data android:mimeType="text/plain" />
27-->src\main\AndroidManifest.xml:42:13-50
27-->src\main\AndroidManifest.xml:42:19-48
28        </intent>
29        <intent>
29-->[:file_picker] AndroidManifest.xml:8:9-12:18
30            <action android:name="android.intent.action.GET_CONTENT" />
30-->[:file_picker] AndroidManifest.xml:9:13-72
30-->[:file_picker] AndroidManifest.xml:9:21-69
31
32            <data android:mimeType="*/*" />
32-->src\main\AndroidManifest.xml:42:13-50
32-->src\main\AndroidManifest.xml:42:19-48
33        </intent> <!-- Needs to be explicitly declared on Android R+ -->
34        <package android:name="com.google.android.apps.maps" />
34-->[com.google.android.gms:play-services-maps:18.2.0] AndroidManifest.xml:33:9-64
34-->[com.google.android.gms:play-services-maps:18.2.0] AndroidManifest.xml:33:18-61
35    </queries>
36
37    <uses-permission android:name="android.permission.WAKE_LOCK" />
37-->[:firebase_messaging] AndroidManifest.xml:8:5-68
37-->[:firebase_messaging] AndroidManifest.xml:8:22-65
38    <uses-permission android:name="android.permission.ACCESS_NETWORK_STATE" /> <!-- Permissions options for the `notification` group -->
38-->[:firebase_messaging] AndroidManifest.xml:9:5-79
38-->[:firebase_messaging] AndroidManifest.xml:9:22-76
39    <uses-permission android:name="android.permission.POST_NOTIFICATIONS" />
39-->[:firebase_messaging] AndroidManifest.xml:11:5-77
39-->[:firebase_messaging] AndroidManifest.xml:11:22-74
40    <uses-permission android:name="android.permission.VIBRATE" /> <!-- Required by older versions of Google Play services to create IID tokens -->
40-->[:flutter_local_notifications] AndroidManifest.xml:7:5-66
40-->[:flutter_local_notifications] AndroidManifest.xml:7:22-63
41    <uses-permission android:name="com.google.android.c2dm.permission.RECEIVE" />
41-->[com.google.firebase:firebase-iid:21.1.0] AndroidManifest.xml:26:5-82
41-->[com.google.firebase:firebase-iid:21.1.0] AndroidManifest.xml:26:22-79
42
43    <uses-feature
43-->[com.google.android.gms:play-services-maps:18.2.0] AndroidManifest.xml:26:5-28:35
44        android:glEsVersion="0x00020000"
44-->[com.google.android.gms:play-services-maps:18.2.0] AndroidManifest.xml:27:9-41
45        android:required="true" />
45-->[com.google.android.gms:play-services-maps:18.2.0] AndroidManifest.xml:28:9-32
46
47    <permission
47-->[androidx.core:core:1.13.1] AndroidManifest.xml:22:5-24:47
48        android:name="com.mtaani.driver.mtaanidriver.DYNAMIC_RECEIVER_NOT_EXPORTED_PERMISSION"
48-->[androidx.core:core:1.13.1] AndroidManifest.xml:23:9-81
49        android:protectionLevel="signature" />
49-->[androidx.core:core:1.13.1] AndroidManifest.xml:24:9-44
50
51    <uses-permission android:name="com.mtaani.driver.mtaanidriver.DYNAMIC_RECEIVER_NOT_EXPORTED_PERMISSION" />
51-->[androidx.core:core:1.13.1] AndroidManifest.xml:26:5-97
51-->[androidx.core:core:1.13.1] AndroidManifest.xml:26:22-94
52
53    <application
54        android:name="android.app.Application"
55        android:appComponentFactory="androidx.core.app.CoreComponentFactory"
55-->[androidx.core:core:1.13.1] AndroidManifest.xml:28:18-86
56        android:debuggable="true"
57        android:extractNativeLibs="false"
58        android:icon="@mipmap/ic_launcher"
59        android:label="mtaanidriver" >
60        <activity
61            android:name="com.mtaani.driver.mtaanidriver.MainActivity"
62            android:configChanges="orientation|keyboardHidden|keyboard|screenSize|smallestScreenSize|locale|layoutDirection|fontScale|screenLayout|density|uiMode"
63            android:exported="true"
64            android:hardwareAccelerated="true"
65            android:launchMode="singleTop"
66            android:taskAffinity=""
67            android:theme="@style/LaunchTheme"
68            android:windowSoftInputMode="adjustResize" >
69
70            <!--
71                 Specifies an Android theme to apply to this Activity as soon as
72                 the Android process has started. This theme is visible to the user
73                 while the Flutter UI initializes. After that, this theme continues
74                 to determine the Window background behind the Flutter UI.
75            -->
76            <meta-data
77                android:name="io.flutter.embedding.android.NormalTheme"
78                android:resource="@style/NormalTheme" />
79
80            <intent-filter>
81                <action android:name="android.intent.action.MAIN" />
82
83                <category android:name="android.intent.category.LAUNCHER" />
84            </intent-filter>
85        </activity>
86        <!--
87             Don't delete the meta-data below.
88             This is used by the Flutter tool to generate GeneratedPluginRegistrant.java
89        -->
90        <meta-data
91            android:name="flutterEmbedding"
92            android:value="2" />
93
94        <service
94-->[:firebase_dynamic_links] AndroidManifest.xml:10:9-14:19
95            android:name="com.google.firebase.components.ComponentDiscoveryService"
95-->[:firebase_dynamic_links] AndroidManifest.xml:10:18-89
96            android:directBootAware="true"
96-->[com.google.firebase:firebase-common:20.4.3] AndroidManifest.xml:32:13-43
97            android:exported="false" >
97-->[com.google.firebase:firebase-iid:21.1.0] AndroidManifest.xml:31:13-37
98            <meta-data
98-->[:firebase_dynamic_links] AndroidManifest.xml:11:13-13:85
99                android:name="com.google.firebase.components:io.flutter.plugins.firebase.dynamiclinks.FlutterFirebaseAppRegistrar"
99-->[:firebase_dynamic_links] AndroidManifest.xml:12:17-131
100                android:value="com.google.firebase.components.ComponentRegistrar" />
100-->[:firebase_dynamic_links] AndroidManifest.xml:13:17-82
101            <meta-data
101-->[:firebase_messaging] AndroidManifest.xml:36:13-38:85
102                android:name="com.google.firebase.components:io.flutter.plugins.firebase.messaging.FlutterFirebaseAppRegistrar"
102-->[:firebase_messaging] AndroidManifest.xml:37:17-128
103                android:value="com.google.firebase.components.ComponentRegistrar" />
103-->[:firebase_messaging] AndroidManifest.xml:38:17-82
104            <meta-data
104-->[:firebase_core] AndroidManifest.xml:9:13-11:85
105                android:name="com.google.firebase.components:io.flutter.plugins.firebase.core.FlutterFirebaseCoreRegistrar"
105-->[:firebase_core] AndroidManifest.xml:10:17-124
106                android:value="com.google.firebase.components.ComponentRegistrar" />
106-->[:firebase_core] AndroidManifest.xml:11:17-82
107            <meta-data
107-->[com.google.firebase:firebase-iid:21.1.0] AndroidManifest.xml:32:13-34:85
108                android:name="com.google.firebase.components:com.google.firebase.iid.Registrar"
108-->[com.google.firebase:firebase-iid:21.1.0] AndroidManifest.xml:33:17-96
109                android:value="com.google.firebase.components.ComponentRegistrar" />
109-->[com.google.firebase:firebase-iid:21.1.0] AndroidManifest.xml:34:17-82
110            <meta-data
110-->[com.google.firebase:firebase-messaging:23.4.1] AndroidManifest.xml:57:13-59:85
111                android:name="com.google.firebase.components:com.google.firebase.messaging.FirebaseMessagingKtxRegistrar"
111-->[com.google.firebase:firebase-messaging:23.4.1] AndroidManifest.xml:58:17-122
112                android:value="com.google.firebase.components.ComponentRegistrar" />
112-->[com.google.firebase:firebase-messaging:23.4.1] AndroidManifest.xml:59:17-82
113            <meta-data
113-->[com.google.firebase:firebase-messaging:23.4.1] AndroidManifest.xml:60:13-62:85
114                android:name="com.google.firebase.components:com.google.firebase.messaging.FirebaseMessagingRegistrar"
114-->[com.google.firebase:firebase-messaging:23.4.1] AndroidManifest.xml:61:17-119
115                android:value="com.google.firebase.components.ComponentRegistrar" />
115-->[com.google.firebase:firebase-messaging:23.4.1] AndroidManifest.xml:62:17-82
116            <meta-data
116-->[com.google.firebase:firebase-dynamic-links:21.2.0] AndroidManifest.xml:24:13-26:85
117                android:name="com.google.firebase.components:com.google.firebase.dynamiclinks.FirebaseDynamicLinksKtxRegistrar"
117-->[com.google.firebase:firebase-dynamic-links:21.2.0] AndroidManifest.xml:25:17-128
118                android:value="com.google.firebase.components.ComponentRegistrar" />
118-->[com.google.firebase:firebase-dynamic-links:21.2.0] AndroidManifest.xml:26:17-82
119            <meta-data
119-->[com.google.firebase:firebase-dynamic-links:21.2.0] AndroidManifest.xml:27:13-29:85
120                android:name="com.google.firebase.components:com.google.firebase.dynamiclinks.internal.FirebaseDynamicLinkRegistrar"
120-->[com.google.firebase:firebase-dynamic-links:21.2.0] AndroidManifest.xml:28:17-133
121                android:value="com.google.firebase.components.ComponentRegistrar" />
121-->[com.google.firebase:firebase-dynamic-links:21.2.0] AndroidManifest.xml:29:17-82
122            <meta-data
122-->[com.google.firebase:firebase-installations:17.2.0] AndroidManifest.xml:15:13-17:85
123                android:name="com.google.firebase.components:com.google.firebase.installations.FirebaseInstallationsKtxRegistrar"
123-->[com.google.firebase:firebase-installations:17.2.0] AndroidManifest.xml:16:17-130
124                android:value="com.google.firebase.components.ComponentRegistrar" />
124-->[com.google.firebase:firebase-installations:17.2.0] AndroidManifest.xml:17:17-82
125            <meta-data
125-->[com.google.firebase:firebase-installations:17.2.0] AndroidManifest.xml:18:13-20:85
126                android:name="com.google.firebase.components:com.google.firebase.installations.FirebaseInstallationsRegistrar"
126-->[com.google.firebase:firebase-installations:17.2.0] AndroidManifest.xml:19:17-127
127                android:value="com.google.firebase.components.ComponentRegistrar" />
127-->[com.google.firebase:firebase-installations:17.2.0] AndroidManifest.xml:20:17-82
128            <meta-data
128-->[com.google.firebase:firebase-common-ktx:20.4.3] AndroidManifest.xml:12:13-14:85
129                android:name="com.google.firebase.components:com.google.firebase.ktx.FirebaseCommonLegacyRegistrar"
129-->[com.google.firebase:firebase-common-ktx:20.4.3] AndroidManifest.xml:13:17-116
130                android:value="com.google.firebase.components.ComponentRegistrar" />
130-->[com.google.firebase:firebase-common-ktx:20.4.3] AndroidManifest.xml:14:17-82
131            <meta-data
131-->[com.google.firebase:firebase-common:20.4.3] AndroidManifest.xml:35:13-37:85
132                android:name="com.google.firebase.components:com.google.firebase.FirebaseCommonKtxRegistrar"
132-->[com.google.firebase:firebase-common:20.4.3] AndroidManifest.xml:36:17-109
133                android:value="com.google.firebase.components.ComponentRegistrar" />
133-->[com.google.firebase:firebase-common:20.4.3] AndroidManifest.xml:37:17-82
134            <meta-data
134-->[com.google.firebase:firebase-datatransport:18.1.7] AndroidManifest.xml:27:13-29:85
135                android:name="com.google.firebase.components:com.google.firebase.datatransport.TransportRegistrar"
135-->[com.google.firebase:firebase-datatransport:18.1.7] AndroidManifest.xml:28:17-115
136                android:value="com.google.firebase.components.ComponentRegistrar" />
136-->[com.google.firebase:firebase-datatransport:18.1.7] AndroidManifest.xml:29:17-82
137        </service>
138        <service
138-->[:firebase_messaging] AndroidManifest.xml:14:9-17:72
139            android:name="io.flutter.plugins.firebase.messaging.FlutterFirebaseMessagingBackgroundService"
139-->[:firebase_messaging] AndroidManifest.xml:15:13-107
140            android:exported="false"
140-->[:firebase_messaging] AndroidManifest.xml:16:13-37
141            android:permission="android.permission.BIND_JOB_SERVICE" />
141-->[:firebase_messaging] AndroidManifest.xml:17:13-69
142        <service
142-->[:firebase_messaging] AndroidManifest.xml:18:9-24:19
143            android:name="io.flutter.plugins.firebase.messaging.FlutterFirebaseMessagingService"
143-->[:firebase_messaging] AndroidManifest.xml:19:13-97
144            android:exported="false" >
144-->[:firebase_messaging] AndroidManifest.xml:20:13-37
145            <intent-filter>
145-->[:firebase_messaging] AndroidManifest.xml:21:13-23:29
146                <action android:name="com.google.firebase.MESSAGING_EVENT" />
146-->[:firebase_messaging] AndroidManifest.xml:22:17-78
146-->[:firebase_messaging] AndroidManifest.xml:22:25-75
147            </intent-filter>
148        </service>
149
150        <receiver
150-->[:firebase_messaging] AndroidManifest.xml:26:9-33:20
151            android:name="io.flutter.plugins.firebase.messaging.FlutterFirebaseMessagingReceiver"
151-->[:firebase_messaging] AndroidManifest.xml:27:13-98
152            android:exported="true"
152-->[:firebase_messaging] AndroidManifest.xml:28:13-36
153            android:permission="com.google.android.c2dm.permission.SEND" >
153-->[:firebase_messaging] AndroidManifest.xml:29:13-73
154            <intent-filter>
154-->[:firebase_messaging] AndroidManifest.xml:30:13-32:29
155                <action android:name="com.google.android.c2dm.intent.RECEIVE" />
155-->[:firebase_messaging] AndroidManifest.xml:31:17-81
155-->[:firebase_messaging] AndroidManifest.xml:31:25-78
156            </intent-filter>
157        </receiver>
158
159        <provider
159-->[:firebase_messaging] AndroidManifest.xml:41:9-45:38
160            android:name="io.flutter.plugins.firebase.messaging.FlutterFirebaseMessagingInitProvider"
160-->[:firebase_messaging] AndroidManifest.xml:42:13-102
161            android:authorities="com.mtaani.driver.mtaanidriver.flutterfirebasemessaginginitprovider"
161-->[:firebase_messaging] AndroidManifest.xml:43:13-88
162            android:exported="false"
162-->[:firebase_messaging] AndroidManifest.xml:44:13-37
163            android:initOrder="99" />
163-->[:firebase_messaging] AndroidManifest.xml:45:13-35
164        <provider
164-->[:image_picker_android] AndroidManifest.xml:9:9-17:20
165            android:name="io.flutter.plugins.imagepicker.ImagePickerFileProvider"
165-->[:image_picker_android] AndroidManifest.xml:10:13-82
166            android:authorities="com.mtaani.driver.mtaanidriver.flutter.image_provider"
166-->[:image_picker_android] AndroidManifest.xml:11:13-74
167            android:exported="false"
167-->[:image_picker_android] AndroidManifest.xml:12:13-37
168            android:grantUriPermissions="true" >
168-->[:image_picker_android] AndroidManifest.xml:13:13-47
169            <meta-data
169-->[:image_picker_android] AndroidManifest.xml:14:13-16:75
170                android:name="android.support.FILE_PROVIDER_PATHS"
170-->[:image_picker_android] AndroidManifest.xml:15:17-67
171                android:resource="@xml/flutter_image_picker_file_paths" />
171-->[:image_picker_android] AndroidManifest.xml:16:17-72
172        </provider> <!-- Trigger Google Play services to install the backported photo picker module. -->
173        <service
173-->[:image_picker_android] AndroidManifest.xml:19:9-31:19
174            android:name="com.google.android.gms.metadata.ModuleDependencies"
174-->[:image_picker_android] AndroidManifest.xml:20:13-78
175            android:enabled="false"
175-->[:image_picker_android] AndroidManifest.xml:21:13-36
176            android:exported="false" >
176-->[:image_picker_android] AndroidManifest.xml:22:13-37
177            <intent-filter>
177-->[:image_picker_android] AndroidManifest.xml:24:13-26:29
178                <action android:name="com.google.android.gms.metadata.MODULE_DEPENDENCIES" />
178-->[:image_picker_android] AndroidManifest.xml:25:17-94
178-->[:image_picker_android] AndroidManifest.xml:25:25-91
179            </intent-filter>
180
181            <meta-data
181-->[:image_picker_android] AndroidManifest.xml:28:13-30:36
182                android:name="photopicker_activity:0:required"
182-->[:image_picker_android] AndroidManifest.xml:29:17-63
183                android:value="" />
183-->[:image_picker_android] AndroidManifest.xml:30:17-33
184        </service>
185        <service
185-->[:geolocator_android] AndroidManifest.xml:8:9-12:56
186            android:name="com.baseflow.geolocator.GeolocatorLocationService"
186-->[:geolocator_android] AndroidManifest.xml:9:13-77
187            android:enabled="true"
187-->[:geolocator_android] AndroidManifest.xml:10:13-35
188            android:exported="false"
188-->[:geolocator_android] AndroidManifest.xml:11:13-37
189            android:foregroundServiceType="location" />
189-->[:geolocator_android] AndroidManifest.xml:12:13-53
190        <!--
191           Declares a provider which allows us to store files to share in
192           '.../caches/share_plus' and grant the receiving action access
193        -->
194        <provider
194-->[:share_plus] AndroidManifest.xml:13:9-21:20
195            android:name="dev.fluttercommunity.plus.share.ShareFileProvider"
195-->[:share_plus] AndroidManifest.xml:14:13-77
196            android:authorities="com.mtaani.driver.mtaanidriver.flutter.share_provider"
196-->[:share_plus] AndroidManifest.xml:15:13-74
197            android:exported="false"
197-->[:share_plus] AndroidManifest.xml:16:13-37
198            android:grantUriPermissions="true" >
198-->[:share_plus] AndroidManifest.xml:17:13-47
199            <meta-data
199-->[:image_picker_android] AndroidManifest.xml:14:13-16:75
200                android:name="android.support.FILE_PROVIDER_PATHS"
200-->[:image_picker_android] AndroidManifest.xml:15:17-67
201                android:resource="@xml/flutter_share_file_paths" />
201-->[:image_picker_android] AndroidManifest.xml:16:17-72
202        </provider>
203        <!--
204           This manifest declared broadcast receiver allows us to use an explicit
205           Intent when creating a PendingItent to be informed of the user's choice
206        -->
207        <receiver
207-->[:share_plus] AndroidManifest.xml:26:9-32:20
208            android:name="dev.fluttercommunity.plus.share.SharePlusPendingIntent"
208-->[:share_plus] AndroidManifest.xml:27:13-82
209            android:exported="false" >
209-->[:share_plus] AndroidManifest.xml:28:13-37
210            <intent-filter>
210-->[:share_plus] AndroidManifest.xml:29:13-31:29
211                <action android:name="EXTRA_CHOSEN_COMPONENT" />
211-->[:share_plus] AndroidManifest.xml:30:17-65
211-->[:share_plus] AndroidManifest.xml:30:25-62
212            </intent-filter>
213        </receiver>
214
215        <activity
215-->[:url_launcher_android] AndroidManifest.xml:8:9-11:74
216            android:name="io.flutter.plugins.urllauncher.WebViewActivity"
216-->[:url_launcher_android] AndroidManifest.xml:9:13-74
217            android:exported="false"
217-->[:url_launcher_android] AndroidManifest.xml:10:13-37
218            android:theme="@android:style/Theme.NoTitleBar.Fullscreen" /> <!-- Needs to be explicitly declared on P+ -->
218-->[:url_launcher_android] AndroidManifest.xml:11:13-71
219        <uses-library
219-->[com.google.android.gms:play-services-maps:18.2.0] AndroidManifest.xml:39:9-41:40
220            android:name="org.apache.http.legacy"
220-->[com.google.android.gms:play-services-maps:18.2.0] AndroidManifest.xml:40:13-50
221            android:required="false" />
221-->[com.google.android.gms:play-services-maps:18.2.0] AndroidManifest.xml:41:13-37
222
223        <receiver
223-->[com.google.firebase:firebase-messaging:23.4.1] AndroidManifest.xml:29:9-40:20
224            android:name="com.google.firebase.iid.FirebaseInstanceIdReceiver"
224-->[com.google.firebase:firebase-messaging:23.4.1] AndroidManifest.xml:30:13-78
225            android:exported="true"
225-->[com.google.firebase:firebase-messaging:23.4.1] AndroidManifest.xml:31:13-36
226            android:permission="com.google.android.c2dm.permission.SEND" >
226-->[com.google.firebase:firebase-messaging:23.4.1] AndroidManifest.xml:32:13-73
227            <intent-filter>
227-->[:firebase_messaging] AndroidManifest.xml:30:13-32:29
228                <action android:name="com.google.android.c2dm.intent.RECEIVE" />
228-->[:firebase_messaging] AndroidManifest.xml:31:17-81
228-->[:firebase_messaging] AndroidManifest.xml:31:25-78
229            </intent-filter>
230
231            <meta-data
231-->[com.google.firebase:firebase-messaging:23.4.1] AndroidManifest.xml:37:13-39:40
232                android:name="com.google.android.gms.cloudmessaging.FINISHED_AFTER_HANDLED"
232-->[com.google.firebase:firebase-messaging:23.4.1] AndroidManifest.xml:38:17-92
233                android:value="true" />
233-->[com.google.firebase:firebase-messaging:23.4.1] AndroidManifest.xml:39:17-37
234        </receiver>
235        <!--
236             FirebaseMessagingService performs security checks at runtime,
237             but set to not exported to explicitly avoid allowing another app to call it.
238        -->
239        <service
239-->[com.google.firebase:firebase-messaging:23.4.1] AndroidManifest.xml:46:9-53:19
240            android:name="com.google.firebase.messaging.FirebaseMessagingService"
240-->[com.google.firebase:firebase-messaging:23.4.1] AndroidManifest.xml:47:13-82
241            android:directBootAware="true"
241-->[com.google.firebase:firebase-messaging:23.4.1] AndroidManifest.xml:48:13-43
242            android:exported="false" >
242-->[com.google.firebase:firebase-messaging:23.4.1] AndroidManifest.xml:49:13-37
243            <intent-filter android:priority="-500" >
243-->[:firebase_messaging] AndroidManifest.xml:21:13-23:29
244                <action android:name="com.google.firebase.MESSAGING_EVENT" />
244-->[:firebase_messaging] AndroidManifest.xml:22:17-78
244-->[:firebase_messaging] AndroidManifest.xml:22:25-75
245            </intent-filter>
246        </service>
247
248        <provider
248-->[com.google.firebase:firebase-common:20.4.3] AndroidManifest.xml:23:9-28:39
249            android:name="com.google.firebase.provider.FirebaseInitProvider"
249-->[com.google.firebase:firebase-common:20.4.3] AndroidManifest.xml:24:13-77
250            android:authorities="com.mtaani.driver.mtaanidriver.firebaseinitprovider"
250-->[com.google.firebase:firebase-common:20.4.3] AndroidManifest.xml:25:13-72
251            android:directBootAware="true"
251-->[com.google.firebase:firebase-common:20.4.3] AndroidManifest.xml:26:13-43
252            android:exported="false"
252-->[com.google.firebase:firebase-common:20.4.3] AndroidManifest.xml:27:13-37
253            android:initOrder="100" />
253-->[com.google.firebase:firebase-common:20.4.3] AndroidManifest.xml:28:13-36
254
255        <activity
255-->[com.google.android.gms:play-services-base:18.3.0] AndroidManifest.xml:20:9-22:45
256            android:name="com.google.android.gms.common.api.GoogleApiActivity"
256-->[com.google.android.gms:play-services-base:18.3.0] AndroidManifest.xml:20:19-85
257            android:exported="false"
257-->[com.google.android.gms:play-services-base:18.3.0] AndroidManifest.xml:22:19-43
258            android:theme="@android:style/Theme.Translucent.NoTitleBar" />
258-->[com.google.android.gms:play-services-base:18.3.0] AndroidManifest.xml:21:19-78
259
260        <uses-library
260-->[androidx.window:window:1.2.0] AndroidManifest.xml:23:9-25:40
261            android:name="androidx.window.extensions"
261-->[androidx.window:window:1.2.0] AndroidManifest.xml:24:13-54
262            android:required="false" />
262-->[androidx.window:window:1.2.0] AndroidManifest.xml:25:13-37
263        <uses-library
263-->[androidx.window:window:1.2.0] AndroidManifest.xml:26:9-28:40
264            android:name="androidx.window.sidecar"
264-->[androidx.window:window:1.2.0] AndroidManifest.xml:27:13-51
265            android:required="false" />
265-->[androidx.window:window:1.2.0] AndroidManifest.xml:28:13-37
266
267        <provider
267-->[androidx.lifecycle:lifecycle-process:2.7.0] AndroidManifest.xml:24:9-32:20
268            android:name="androidx.startup.InitializationProvider"
268-->[androidx.lifecycle:lifecycle-process:2.7.0] AndroidManifest.xml:25:13-67
269            android:authorities="com.mtaani.driver.mtaanidriver.androidx-startup"
269-->[androidx.lifecycle:lifecycle-process:2.7.0] AndroidManifest.xml:26:13-68
270            android:exported="false" >
270-->[androidx.lifecycle:lifecycle-process:2.7.0] AndroidManifest.xml:27:13-37
271            <meta-data
271-->[androidx.lifecycle:lifecycle-process:2.7.0] AndroidManifest.xml:29:13-31:52
272                android:name="androidx.lifecycle.ProcessLifecycleInitializer"
272-->[androidx.lifecycle:lifecycle-process:2.7.0] AndroidManifest.xml:30:17-78
273                android:value="androidx.startup" />
273-->[androidx.lifecycle:lifecycle-process:2.7.0] AndroidManifest.xml:31:17-49
274            <meta-data
274-->[androidx.profileinstaller:profileinstaller:1.3.1] AndroidManifest.xml:29:13-31:52
275                android:name="androidx.profileinstaller.ProfileInstallerInitializer"
275-->[androidx.profileinstaller:profileinstaller:1.3.1] AndroidManifest.xml:30:17-85
276                android:value="androidx.startup" />
276-->[androidx.profileinstaller:profileinstaller:1.3.1] AndroidManifest.xml:31:17-49
277        </provider>
278
279        <meta-data
279-->[com.google.android.gms:play-services-basement:18.3.0] AndroidManifest.xml:21:9-23:69
280            android:name="com.google.android.gms.version"
280-->[com.google.android.gms:play-services-basement:18.3.0] AndroidManifest.xml:22:13-58
281            android:value="@integer/google_play_services_version" />
281-->[com.google.android.gms:play-services-basement:18.3.0] AndroidManifest.xml:23:13-66
282
283        <receiver
283-->[androidx.profileinstaller:profileinstaller:1.3.1] AndroidManifest.xml:34:9-52:20
284            android:name="androidx.profileinstaller.ProfileInstallReceiver"
284-->[androidx.profileinstaller:profileinstaller:1.3.1] AndroidManifest.xml:35:13-76
285            android:directBootAware="false"
285-->[androidx.profileinstaller:profileinstaller:1.3.1] AndroidManifest.xml:36:13-44
286            android:enabled="true"
286-->[androidx.profileinstaller:profileinstaller:1.3.1] AndroidManifest.xml:37:13-35
287            android:exported="true"
287-->[androidx.profileinstaller:profileinstaller:1.3.1] AndroidManifest.xml:38:13-36
288            android:permission="android.permission.DUMP" >
288-->[androidx.profileinstaller:profileinstaller:1.3.1] AndroidManifest.xml:39:13-57
289            <intent-filter>
289-->[androidx.profileinstaller:profileinstaller:1.3.1] AndroidManifest.xml:40:13-42:29
290                <action android:name="androidx.profileinstaller.action.INSTALL_PROFILE" />
290-->[androidx.profileinstaller:profileinstaller:1.3.1] AndroidManifest.xml:41:17-91
290-->[androidx.profileinstaller:profileinstaller:1.3.1] AndroidManifest.xml:41:25-88
291            </intent-filter>
292            <intent-filter>
292-->[androidx.profileinstaller:profileinstaller:1.3.1] AndroidManifest.xml:43:13-45:29
293                <action android:name="androidx.profileinstaller.action.SKIP_FILE" />
293-->[androidx.profileinstaller:profileinstaller:1.3.1] AndroidManifest.xml:44:17-85
293-->[androidx.profileinstaller:profileinstaller:1.3.1] AndroidManifest.xml:44:25-82
294            </intent-filter>
295            <intent-filter>
295-->[androidx.profileinstaller:profileinstaller:1.3.1] AndroidManifest.xml:46:13-48:29
296                <action android:name="androidx.profileinstaller.action.SAVE_PROFILE" />
296-->[androidx.profileinstaller:profileinstaller:1.3.1] AndroidManifest.xml:47:17-88
296-->[androidx.profileinstaller:profileinstaller:1.3.1] AndroidManifest.xml:47:25-85
297            </intent-filter>
298            <intent-filter>
298-->[androidx.profileinstaller:profileinstaller:1.3.1] AndroidManifest.xml:49:13-51:29
299                <action android:name="androidx.profileinstaller.action.BENCHMARK_OPERATION" />
299-->[androidx.profileinstaller:profileinstaller:1.3.1] AndroidManifest.xml:50:17-95
299-->[androidx.profileinstaller:profileinstaller:1.3.1] AndroidManifest.xml:50:25-92
300            </intent-filter>
301        </receiver>
302
303        <service
303-->[com.google.android.datatransport:transport-backend-cct:3.1.8] AndroidManifest.xml:28:9-34:19
304            android:name="com.google.android.datatransport.runtime.backends.TransportBackendDiscovery"